<?xml version="1.0" encoding="UTF-8"?>
<testsuite name="it.unisa.quiz.DataSetTest" tests="3" skipped="0" failures="0" errors="0" timestamp="2023-01-26T16:22:28" hostname="LAPTOP-ALEX" time="0.001">
  <properties/>
  <testcase name="testAverage" classname="it.unisa.quiz.DataSetTest" time="0.0"/>
  <testcase name="testMaximum" classname="it.unisa.quiz.DataSetTest" time="0.0"/>
  <testcase name="testMinimum" classname="it.unisa.quiz.DataSetTest" time="0.0"/>
  <system-out><![CDATA[]]></system-out>
  <system-err><![CDATA[]]></system-err>
</testsuite>
