<?xml version="1.0" encoding="UTF-8"?>
<testsuite name="it.unisa.railways.ExpressTrainTest" tests="1" skipped="0" failures="0" errors="0" timestamp="2023-01-26T17:13:54" hostname="LAPTOP-ALEX" time="0.005">
  <properties/>
  <testcase name="testSolution" classname="it.unisa.railways.ExpressTrainTest" time="0.005"/>
  <system-out><![CDATA[]]></system-out>
  <system-err><![CDATA[]]></system-err>
</testsuite>
