<?xml version="1.0" encoding="UTF-8"?>
<testsuite name="StudentTest" tests="1" skipped="0" failures="0" errors="0" timestamp="2023-01-25T15:16:07" hostname="LAPTOP-ALEX" time="0.002">
  <properties/>
  <testcase name="newStudentTest" classname="StudentTest" time="0.002"/>
  <system-out><![CDATA[]]></system-out>
  <system-err><![CDATA[]]></system-err>
</testsuite>
