<?xml version="1.0" encoding="UTF-8"?>
<testsuite name="it.unisa.bookshop.BookshopTest" tests="5" skipped="0" failures="0" errors="0" timestamp="2023-01-30T18:10:43" hostname="LAPTOP-ALEX" time="0.001">
  <properties/>
  <testcase name="findByTitleContentTest" classname="it.unisa.bookshop.BookshopTest" time="0.0"/>
  <testcase name="readLibraryTest" classname="it.unisa.bookshop.BookshopTest" time="0.0"/>
  <testcase name="findBelowAvailabilityTest" classname="it.unisa.bookshop.BookshopTest" time="0.0"/>
  <testcase name="findMaxAvailabilityTest" classname="it.unisa.bookshop.BookshopTest" time="0.0"/>
  <testcase name="findByAuthorTest" classname="it.unisa.bookshop.BookshopTest" time="0.0"/>
  <system-out><![CDATA[]]></system-out>
  <system-err><![CDATA[]]></system-err>
</testsuite>
