<?xml version="1.0" encoding="UTF-8"?>
<testsuite name="PhoneCompanyTest" tests="1" skipped="0" failures="0" errors="0" timestamp="2023-01-30T10:58:48" hostname="LAPTOP-ALEX" time="0.007">
  <properties/>
  <testcase name="testSolution" classname="PhoneCompanyTest" time="0.007"/>
  <system-out><![CDATA[]]></system-out>
  <system-err><![CDATA[]]></system-err>
</testsuite>
