<?xml version="1.0" encoding="UTF-8"?>
<testsuite name="it.unisa.student.StudentTest" tests="1" skipped="0" failures="0" errors="0" timestamp="2022-11-22T22:28:27" hostname="LAPTOP-ALEX" time="0.001">
  <properties/>
  <testcase name="studentsOrderTest" classname="it.unisa.student.StudentTest" time="0.001"/>
  <system-out><![CDATA[]]></system-out>
  <system-err><![CDATA[]]></system-err>
</testsuite>
